<?xml version="1.0" encoding="UTF-8"?>
<testng-results skipped="0" failed="0" ignored="0" total="1" passed="1">
  <reporter-output>
  </reporter-output>
  <suite name="Default suite" duration-ms="5058" started-at="2019-10-12T10:20:06 IST" finished-at="2019-10-12T10:20:11 IST">
    <groups>
    </groups>
    <test name="Default test" duration-ms="5058" started-at="2019-10-12T10:20:06 IST" finished-at="2019-10-12T10:20:11 IST">
      <class name="TollGate.TollGate.Chome_browser">
        <test-method status="PASS" signature="chrome_Browser()[pri:0, instance:TollGate.TollGate.Chome_browser@6ddf90b0]" name="chrome_Browser" duration-ms="5004" started-at="2019-10-12T10:20:06 IST" finished-at="2019-10-12T10:20:11 IST">
          <reporter-output>
          </reporter-output>
        </test-method> <!-- chrome_Browser -->
      </class> <!-- TollGate.TollGate.Chome_browser -->
    </test> <!-- Default test -->
  </suite> <!-- Default suite -->
</testng-results>
